[debug] [2022-10-20T12:20:42.653Z] ----------------------------------------------------------------------
[debug] [2022-10-20T12:20:42.657Z] Command:       /usr/bin/node /usr/bin/firebase init
[debug] [2022-10-20T12:20:42.658Z] CLI Version:   11.15.0
[debug] [2022-10-20T12:20:42.658Z] Platform:      linux
[debug] [2022-10-20T12:20:42.658Z] Node Version:  v16.17.1
[debug] [2022-10-20T12:20:42.659Z] Time:          Thu Oct 20 2022 17:50:42 GMT+0530 (India Standard Time)
[debug] [2022-10-20T12:20:42.659Z] ----------------------------------------------------------------------
[debug] 
[debug] [2022-10-20T12:20:42.670Z] > command requires scopes: ["email","openid","https://www.googleapis.com/auth/cloudplatformprojects.readonly","https://www.googleapis.com/auth/firebase","https://www.googleapis.com/auth/cloud-platform"]
[debug] [2022-10-20T12:20:42.670Z] > authorizing via signed-in user (chavhanpranay48@gmail.com)
[info] 
     ######## #### ########  ######## ########     ###     ######  ########
     ##        ##  ##     ## ##       ##     ##  ##   ##  ##       ##
     ######    ##  ########  ######   ########  #########  ######  ######
     ##        ##  ##    ##  ##       ##     ## ##     ##       ## ##
     ##       #### ##     ## ######## ########  ##     ##  ######  ########

You're about to initialize a Firebase project in this directory:

  /home/pranaychavhan/Desktop/GoogleKeep/frontend

[info] 
=== Project Setup
[info] 
[info] First, let's associate this project directory with a Firebase project.
[info] You can create multiple project aliases by running firebase use --add, 
[info] but for now we'll just set up a default project.
[info] 
[debug] [2022-10-20T12:21:14.527Z] >>> [apiv2][query] GET https://firebase.googleapis.com/v1beta1/projects pageSize=100
[debug] [2022-10-20T12:21:20.774Z] <<< [apiv2][status] GET https://firebase.googleapis.com/v1beta1/projects 200
[debug] [2022-10-20T12:21:20.774Z] <<< [apiv2][body] GET https://firebase.googleapis.com/v1beta1/projects [omitted]
[info] i  Using project keepclone-419b3 (GoogleKeepClone) 
[info] 
=== Hosting Setup
[info] 
[info] Your public directory is the folder (relative to your project directory) that
[info] will contain Hosting assets to be uploaded with firebase deploy. If you
[info] have a build process for your assets, use your build's output directory.
[info] 
[debug] [2022-10-20T12:21:52.289Z] >>> [apiv2][query] GET https://www.gstatic.com/firebasejs/releases.json [none]
[debug] [2022-10-20T12:21:52.606Z] <<< [apiv2][status] GET https://www.gstatic.com/firebasejs/releases.json 200
[debug] [2022-10-20T12:21:52.606Z] <<< [apiv2][body] GET https://www.gstatic.com/firebasejs/releases.json {"current":{"version":"9.12.1","browserURL":"https://www.gstatic.com/firebasejs/9.12.1/firebase.js","packageURL":"https://www.gstatic.com/firebasejs/9.12.1/firebase.tgz"},"live":{"version":"9.12","browserURL":"https://www.gstatic.com/firebasejs/live/9.12/firebase.js","packageURL":"https://www.gstatic.com/firebasejs/live/9.12/firebase.tgz"},"components":{"analytics":"https://www.gstatic.com/firebasejs/9.12.1/firebase-analytics.js","app":"https://www.gstatic.com/firebasejs/9.12.1/firebase-app.js","app-check":"https://www.gstatic.com/firebasejs/9.12.1/firebase-app-check.js","auth":"https://www.gstatic.com/firebasejs/9.12.1/firebase-auth.js","auth/cordova":"https://www.gstatic.com/firebasejs/9.12.1/firebase-auth/cordova.js","auth/react-native":"https://www.gstatic.com/firebasejs/9.12.1/firebase-auth/react-native.js","functions":"https://www.gstatic.com/firebasejs/9.12.1/firebase-functions.js","firestore":"https://www.gstatic.com/firebasejs/9.12.1/firebase-firestore.js","firestore/lite":"https://www.gstatic.com/firebasejs/9.12.1/firebase-firestore/lite.js","installations":"https://www.gstatic.com/firebasejs/9.12.1/firebase-installations.js","storage":"https://www.gstatic.com/firebasejs/9.12.1/firebase-storage.js","performance":"https://www.gstatic.com/firebasejs/9.12.1/firebase-performance.js","remote-config":"https://www.gstatic.com/firebasejs/9.12.1/firebase-remote-config.js","messaging":"https://www.gstatic.com/firebasejs/9.12.1/firebase-messaging.js","messaging/sw":"https://www.gstatic.com/firebasejs/9.12.1/firebase-messaging/sw.js","database":"https://www.gstatic.com/firebasejs/9.12.1/firebase-database.js","firestore.memory":"https://www.gstatic.com/firebasejs/9.12.1/firebase-firestore.memory.js"}}
[info] ✔  Wrote public/index.html 
[info] 
[info] i  Detected a .git folder at /home/pranaychavhan/Desktop/GoogleKeep/frontend 
[info] i  Authorizing with GitHub to upload your service account to a GitHub repository's secrets store. 
[info] 
[info] Visit this URL on this device to log in:
[info] https://github.com/login/oauth/authorize?client_id=89cf50f02ac6aaed3484&state=492734052&redirect_uri=http%3A%2F%2Flocalhost%3A9005&scope=read%3Auser%20repo%20public_repo
[info] 
[info] Waiting for authentication...
[debug] [2022-10-20T12:21:58.091Z] >>> [apiv2][query] POST https://github.com/login/oauth/access_token [none]
[debug] [2022-10-20T12:21:58.091Z] >>> [apiv2][body] POST https://github.com/login/oauth/access_token [stream]
[debug] [2022-10-20T12:21:58.641Z] <<< [apiv2][status] POST https://github.com/login/oauth/access_token 200
[debug] [2022-10-20T12:21:58.642Z] <<< [apiv2][body] POST https://github.com/login/oauth/access_token {"access_token":"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","token_type":"bearer","scope":"read:user,repo"}
[debug] [2022-10-20T12:21:58.656Z] >>> [apiv2][query] GET https://api.github.com/user [none]
[debug] [2022-10-20T12:21:59.282Z] <<< [apiv2][status] GET https://api.github.com/user 200
[debug] [2022-10-20T12:21:59.283Z] <<< [apiv2][body] GET https://api.github.com/user {"login":"PranayChavhan","id":85397500,"node_id":"MDQ6VXNlcjg1Mzk3NTAw","avatar_url":"https://avatars.githubusercontent.com/u/85397500?v=4","gravatar_id":"","url":"https://api.github.com/users/PranayChavhan","html_url":"https://github.com/PranayChavhan","followers_url":"https://api.github.com/users/PranayChavhan/followers","following_url":"https://api.github.com/users/PranayChavhan/following{/other_user}","gists_url":"https://api.github.com/users/PranayChavhan/gists{/gist_id}","starred_url":"https://api.github.com/users/PranayChavhan/starred{/owner}{/repo}","subscriptions_url":"https://api.github.com/users/PranayChavhan/subscriptions","organizations_url":"https://api.github.com/users/PranayChavhan/orgs","repos_url":"https://api.github.com/users/PranayChavhan/repos","events_url":"https://api.github.com/users/PranayChavhan/events{/privacy}","received_events_url":"https://api.github.com/users/PranayChavhan/received_events","type":"User","site_admin":false,"name":"Pranay Chavhan","company":null,"blog":"","location":"Nagpur, Maharashtra, India","email":"pranay21chavhan@outlook.com","hireable":true,"bio":"A self-taught developer who always tries to learn something new and interesting.","twitter_username":null,"public_repos":21,"public_gists":0,"followers":2,"following":1,"created_at":"2021-06-05T12:15:16Z","updated_at":"2022-10-19T15:01:21Z","private_gists":0,"total_private_repos":1,"owned_private_repos":1,"disk_usage":32739,"collaborators":0,"two_factor_authentication":false,"plan":{"name":"free","space":976562499,"collaborators":0,"private_repos":10000}}
[info] 
[info] ✔  Success! Logged into GitHub as PranayChavhan 
[info] 
[debug] [2022-10-20T12:22:05.922Z] >>> [apiv2][query] GET https://api.github.com/repos//actions/secrets/public-key type=owner
[debug] [2022-10-20T12:22:06.529Z] <<< [apiv2][status] GET https://api.github.com/repos//actions/secrets/public-key 404
[debug] [2022-10-20T12:22:06.529Z] <<< [apiv2][body] GET https://api.github.com/repos//actions/secrets/public-key {"message":"Not Found","documentation_url":"https://docs.github.com/rest"}
[debug] [2022-10-20T12:22:13.297Z] >>> [apiv2][query] GET https://api.github.com/repos//actions/secrets/public-key type=owner
[debug] [2022-10-20T12:22:13.799Z] <<< [apiv2][status] GET https://api.github.com/repos//actions/secrets/public-key 404
[debug] [2022-10-20T12:22:13.800Z] <<< [apiv2][body] GET https://api.github.com/repos//actions/secrets/public-key {"message":"Not Found","documentation_url":"https://docs.github.com/rest"}
